<?xml version="1.0" encoding="UTF-8"?>
<testng-results skipped="0" failed="0" total="1" passed="1">
  <reporter-output>
  </reporter-output>
  <suite name="Default suite" duration-ms="95201" started-at="2019-03-11T16:32:40Z" finished-at="2019-03-11T16:34:15Z">
    <groups>
    </groups>
    <test name="Default test" duration-ms="95201" started-at="2019-03-11T16:32:40Z" finished-at="2019-03-11T16:34:15Z">
      <class name="total_qa.AllureReportDemo.App">
        <test-method status="PASS" signature="verifyHomePageTitle()[pri:0, instance:total_qa.AllureReportDemo.App@50a6f6]" name="verifyHomePageTitle" duration-ms="94377" started-at="2019-03-11T22:02:40Z" finished-at="2019-03-11T22:04:14Z">
          <reporter-output>
          </reporter-output>
        </test-method> <!-- verifyHomePageTitle -->
      </class> <!-- total_qa.AllureReportDemo.App -->
    </test> <!-- Default test -->
  </suite> <!-- Default suite -->
</testng-results>
